2025-10-06 14:04:03 [main] INFO  c.e.uptc.gateway.GatewayApplication - Starting GatewayApplication using Java 23.0.2 with PID 22168 (C:\Users\Laura\Documents\projects2025\Reto4\gateway\target\classes started by Laura in C:\Users\Laura\Documents\projects2025\Reto4\gateway)
2025-10-06 14:04:03 [main] DEBUG c.e.uptc.gateway.GatewayApplication - Running with Spring Boot v3.5.6, Spring v6.2.11
2025-10-06 14:04:03 [main] INFO  c.e.uptc.gateway.GatewayApplication - No active profile set, falling back to 1 default profile: "default"
2025-10-06 14:04:04 [main] WARN  o.s.b.w.r.c.AnnotationConfigReactiveWebServerApplicationContext - Exception encountered during context initialization - cancelling refresh attempt: java.lang.IllegalStateException: Error processing condition on org.springframework.cloud.netflix.eureka.EurekaDiscoveryClientConfiguration.discoveryClient
2025-10-06 14:04:04 [main] WARN  o.s.c.g.c.GatewayServerWebfluxPropertiesMigrationListener - 
The use of configuration keys that have been renamed was found in the environment:

Property source 'Config resource 'class path resource [application.yml]' via location 'optional:classpath:/'':
	Key: spring.cloud.gateway.routes[0].id
		Line: 29
		Replacement: spring.cloud.gateway.server.webflux.routes[0].id
	Key: spring.cloud.gateway.routes[0].uri
		Line: 30
		Replacement: spring.cloud.gateway.server.webflux.routes[0].uri
	Key: spring.cloud.gateway.routes[0].predicates[0]
		Line: 32
		Replacement: spring.cloud.gateway.server.webflux.routes[0].predicates[0]
	Key: spring.cloud.gateway.routes[0].predicates[1]
		Line: 33
		Replacement: spring.cloud.gateway.server.webflux.routes[0].predicates[1]
	Key: spring.cloud.gateway.routes[0].filters[0]
		Line: 35
		Replacement: spring.cloud.gateway.server.webflux.routes[0].filters[0]
	Key: spring.cloud.gateway.routes[0].filters[1].name
		Line: 36
		Replacement: spring.cloud.gateway.server.webflux.routes[0].filters[1].name
	Key: spring.cloud.gateway.routes[0].filters[1].args.redis-rate-limiter.replenishrate
		Line: 38
		Replacement: spring.cloud.gateway.server.webflux.routes[0].filters[1].args.redis-rate-limiter.replenishrate
	Key: spring.cloud.gateway.routes[0].filters[1].args.redis-rate-limiter.burstcapacity
		Line: 39
		Replacement: spring.cloud.gateway.server.webflux.routes[0].filters[1].args.redis-rate-limiter.burstcapacity
	Key: spring.cloud.gateway.routes[0].filters[1].args.redis-rate-limiter.requestedtokens
		Line: 40
		Replacement: spring.cloud.gateway.server.webflux.routes[0].filters[1].args.redis-rate-limiter.requestedtokens
	Key: spring.cloud.gateway.routes[0].filters[1].args.key-resolver
		Line: 41
		Replacement: spring.cloud.gateway.server.webflux.routes[0].filters[1].args.key-resolver
	Key: spring.cloud.gateway.routes[0].filters[2].name
		Line: 42
		Replacement: spring.cloud.gateway.server.webflux.routes[0].filters[2].name
	Key: spring.cloud.gateway.routes[0].filters[2].args.name
		Line: 44
		Replacement: spring.cloud.gateway.server.webflux.routes[0].filters[2].args.name
	Key: spring.cloud.gateway.routes[0].filters[2].args.fallbackuri
		Line: 45
		Replacement: spring.cloud.gateway.server.webflux.routes[0].filters[2].args.fallbackuri
	Key: spring.cloud.gateway.routes[1].id
		Line: 48
		Replacement: spring.cloud.gateway.server.webflux.routes[1].id
	Key: spring.cloud.gateway.routes[1].uri
		Line: 49
		Replacement: spring.cloud.gateway.server.webflux.routes[1].uri
	Key: spring.cloud.gateway.routes[1].predicates[0]
		Line: 51
		Replacement: spring.cloud.gateway.server.webflux.routes[1].predicates[0]
	Key: spring.cloud.gateway.routes[1].predicates[1]
		Line: 52
		Replacement: spring.cloud.gateway.server.webflux.routes[1].predicates[1]
	Key: spring.cloud.gateway.routes[1].filters[0]
		Line: 54
		Replacement: spring.cloud.gateway.server.webflux.routes[1].filters[0]
	Key: spring.cloud.gateway.routes[1].filters[1].name
		Line: 55
		Replacement: spring.cloud.gateway.server.webflux.routes[1].filters[1].name
	Key: spring.cloud.gateway.routes[1].filters[1].args.redis-rate-limiter.replenishrate
		Line: 57
		Replacement: spring.cloud.gateway.server.webflux.routes[1].filters[1].args.redis-rate-limiter.replenishrate
	Key: spring.cloud.gateway.routes[1].filters[1].args.redis-rate-limiter.burstcapacity
		Line: 58
		Replacement: spring.cloud.gateway.server.webflux.routes[1].filters[1].args.redis-rate-limiter.burstcapacity
	Key: spring.cloud.gateway.routes[1].filters[1].args.redis-rate-limiter.requestedtokens
		Line: 59
		Replacement: spring.cloud.gateway.server.webflux.routes[1].filters[1].args.redis-rate-limiter.requestedtokens
	Key: spring.cloud.gateway.routes[1].filters[1].args.key-resolver
		Line: 60
		Replacement: spring.cloud.gateway.server.webflux.routes[1].filters[1].args.key-resolver
	Key: spring.cloud.gateway.routes[1].filters[2].name
		Line: 61
		Replacement: spring.cloud.gateway.server.webflux.routes[1].filters[2].name
	Key: spring.cloud.gateway.routes[1].filters[2].args.name
		Line: 63
		Replacement: spring.cloud.gateway.server.webflux.routes[1].filters[2].args.name
	Key: spring.cloud.gateway.routes[1].filters[2].args.fallbackuri
		Line: 64
		Replacement: spring.cloud.gateway.server.webflux.routes[1].filters[2].args.fallbackuri
	Key: spring.cloud.gateway.routes[2].id
		Line: 67
		Replacement: spring.cloud.gateway.server.webflux.routes[2].id
	Key: spring.cloud.gateway.routes[2].uri
		Line: 68
		Replacement: spring.cloud.gateway.server.webflux.routes[2].uri
	Key: spring.cloud.gateway.routes[2].predicates[0]
		Line: 70
		Replacement: spring.cloud.gateway.server.webflux.routes[2].predicates[0]
	Key: spring.cloud.gateway.routes[2].predicates[1]
		Line: 71
		Replacement: spring.cloud.gateway.server.webflux.routes[2].predicates[1]
	Key: spring.cloud.gateway.routes[2].filters[0]
		Line: 73
		Replacement: spring.cloud.gateway.server.webflux.routes[2].filters[0]
	Key: spring.cloud.gateway.routes[2].filters[1].name
		Line: 74
		Replacement: spring.cloud.gateway.server.webflux.routes[2].filters[1].name
	Key: spring.cloud.gateway.routes[2].filters[1].args.redis-rate-limiter.replenishrate
		Line: 76
		Replacement: spring.cloud.gateway.server.webflux.routes[2].filters[1].args.redis-rate-limiter.replenishrate
	Key: spring.cloud.gateway.routes[2].filters[1].args.redis-rate-limiter.burstcapacity
		Line: 77
		Replacement: spring.cloud.gateway.server.webflux.routes[2].filters[1].args.redis-rate-limiter.burstcapacity
	Key: spring.cloud.gateway.routes[2].filters[1].args.redis-rate-limiter.requestedtokens
		Line: 78
		Replacement: spring.cloud.gateway.server.webflux.routes[2].filters[1].args.redis-rate-limiter.requestedtokens
	Key: spring.cloud.gateway.routes[2].filters[1].args.key-resolver
		Line: 79
		Replacement: spring.cloud.gateway.server.webflux.routes[2].filters[1].args.key-resolver
	Key: spring.cloud.gateway.routes[2].filters[2].name
		Line: 80
		Replacement: spring.cloud.gateway.server.webflux.routes[2].filters[2].name
	Key: spring.cloud.gateway.routes[2].filters[2].args.name
		Line: 82
		Replacement: spring.cloud.gateway.server.webflux.routes[2].filters[2].args.name
	Key: spring.cloud.gateway.routes[2].filters[2].args.fallbackuri
		Line: 83
		Replacement: spring.cloud.gateway.server.webflux.routes[2].filters[2].args.fallbackuri
	Key: spring.cloud.gateway.routes[3].id
		Line: 86
		Replacement: spring.cloud.gateway.server.webflux.routes[3].id
	Key: spring.cloud.gateway.routes[3].uri
		Line: 87
		Replacement: spring.cloud.gateway.server.webflux.routes[3].uri
	Key: spring.cloud.gateway.routes[3].predicates[0]
		Line: 89
		Replacement: spring.cloud.gateway.server.webflux.routes[3].predicates[0]
	Key: spring.cloud.gateway.routes[3].predicates[1]
		Line: 90
		Replacement: spring.cloud.gateway.server.webflux.routes[3].predicates[1]
	Key: spring.cloud.gateway.routes[3].filters[0]
		Line: 92
		Replacement: spring.cloud.gateway.server.webflux.routes[3].filters[0]
	Key: spring.cloud.gateway.routes[3].filters[1].name
		Line: 93
		Replacement: spring.cloud.gateway.server.webflux.routes[3].filters[1].name
	Key: spring.cloud.gateway.routes[3].filters[1].args.redis-rate-limiter.replenishrate
		Line: 95
		Replacement: spring.cloud.gateway.server.webflux.routes[3].filters[1].args.redis-rate-limiter.replenishrate
	Key: spring.cloud.gateway.routes[3].filters[1].args.redis-rate-limiter.burstcapacity
		Line: 96
		Replacement: spring.cloud.gateway.server.webflux.routes[3].filters[1].args.redis-rate-limiter.burstcapacity
	Key: spring.cloud.gateway.routes[3].filters[1].args.redis-rate-limiter.requestedtokens
		Line: 97
		Replacement: spring.cloud.gateway.server.webflux.routes[3].filters[1].args.redis-rate-limiter.requestedtokens
	Key: spring.cloud.gateway.routes[3].filters[1].args.key-resolver
		Line: 98
		Replacement: spring.cloud.gateway.server.webflux.routes[3].filters[1].args.key-resolver
	Key: spring.cloud.gateway.routes[3].filters[2].name
		Line: 99
		Replacement: spring.cloud.gateway.server.webflux.routes[3].filters[2].name
	Key: spring.cloud.gateway.routes[3].filters[2].args.name
		Line: 101
		Replacement: spring.cloud.gateway.server.webflux.routes[3].filters[2].args.name
	Key: spring.cloud.gateway.routes[3].filters[2].args.fallbackuri
		Line: 102
		Replacement: spring.cloud.gateway.server.webflux.routes[3].filters[2].args.fallbackuri


Each configuration key has been temporarily mapped to its replacement for your convenience. To silence this warning, please update your configuration to use the new keys.

2025-10-06 14:04:04 [main] WARN  o.s.b.c.p.m.PropertiesMigrationListener - 
The use of configuration keys that have been renamed was found in the environment:

Property source 'Config resource 'class path resource [application.yml]' via location 'optional:classpath:/'':
	Key: spring.cloud.gateway.discovery.locator.enabled
		Line: 14
		Replacement: spring.cloud.gateway.server.webflux.discovery.locator.enabled
	Key: spring.cloud.gateway.discovery.locator.lower-case-service-id
		Line: 15
		Replacement: spring.cloud.gateway.server.webflux.discovery.locator.lower-case-service-id
	Key: spring.redis.host
		Line: 106
		Replacement: spring.data.redis.host
	Key: spring.redis.port
		Line: 107
		Replacement: spring.data.redis.port
	Key: spring.redis.timeout
		Line: 108
		Replacement: spring.data.redis.timeout


Each configuration key has been temporarily mapped to its replacement for your convenience. To silence this warning, please update your configuration to use the new keys.

2025-10-06 14:04:04 [main] INFO  o.s.b.a.l.ConditionEvaluationReportLogger - 

Error starting ApplicationContext. To display the condition evaluation report re-run your application with 'debug' enabled.
2025-10-06 14:04:04 [main] ERROR o.s.boot.SpringApplication - Application run failed
java.lang.IllegalStateException: Error processing condition on org.springframework.cloud.netflix.eureka.EurekaDiscoveryClientConfiguration.discoveryClient
	at org.springframework.boot.autoconfigure.condition.SpringBootCondition.matches(SpringBootCondition.java:60)
	at org.springframework.context.annotation.ConditionEvaluator.shouldSkip(ConditionEvaluator.java:99)
	at org.springframework.context.annotation.ConfigurationClassBeanDefinitionReader.loadBeanDefinitionsForBeanMethod(ConfigurationClassBeanDefinitionReader.java:183)
	at org.springframework.context.annotation.ConfigurationClassBeanDefinitionReader.loadBeanDefinitionsForConfigurationClass(ConfigurationClassBeanDefinitionReader.java:144)
	at org.springframework.context.annotation.ConfigurationClassBeanDefinitionReader.loadBeanDefinitions(ConfigurationClassBeanDefinitionReader.java:120)
	at org.springframework.context.annotation.ConfigurationClassPostProcessor.processConfigBeanDefinitions(ConfigurationClassPostProcessor.java:430)
	at org.springframework.context.annotation.ConfigurationClassPostProcessor.postProcessBeanDefinitionRegistry(ConfigurationClassPostProcessor.java:290)
	at org.springframework.context.support.PostProcessorRegistrationDelegate.invokeBeanDefinitionRegistryPostProcessors(PostProcessorRegistrationDelegate.java:349)
	at org.springframework.context.support.PostProcessorRegistrationDelegate.invokeBeanFactoryPostProcessors(PostProcessorRegistrationDelegate.java:118)
	at org.springframework.context.support.AbstractApplicationContext.invokeBeanFactoryPostProcessors(AbstractApplicationContext.java:791)
	at org.springframework.context.support.AbstractApplicationContext.refresh(AbstractApplicationContext.java:609)
	at org.springframework.boot.web.reactive.context.ReactiveWebServerApplicationContext.refresh(ReactiveWebServerApplicationContext.java:66)
	at org.springframework.boot.SpringApplication.refresh(SpringApplication.java:752)
	at org.springframework.boot.SpringApplication.refreshContext(SpringApplication.java:439)
	at org.springframework.boot.SpringApplication.run(SpringApplication.java:318)
	at org.springframework.boot.SpringApplication.run(SpringApplication.java:1361)
	at org.springframework.boot.SpringApplication.run(SpringApplication.java:1350)
	at co.edu.uptc.gateway.GatewayApplication.main(GatewayApplication.java:12)
Caused by: java.lang.IllegalStateException: Failed to introspect Class [org.springframework.cloud.netflix.eureka.EurekaDiscoveryClientConfiguration$EurekaHealthCheckHandlerConfiguration] from ClassLoader [jdk.internal.loader.ClassLoaders$AppClassLoader@5a07e868]
	at org.springframework.util.ReflectionUtils.getDeclaredMethods(ReflectionUtils.java:483)
	at org.springframework.util.ReflectionUtils.doWithMethods(ReflectionUtils.java:360)
	at org.springframework.util.ReflectionUtils.getUniqueDeclaredMethods(ReflectionUtils.java:417)
	at org.springframework.beans.factory.support.AbstractAutowireCapableBeanFactory.lambda$getTypeForFactoryMethod$1(AbstractAutowireCapableBeanFactory.java:757)
	at java.base/java.util.concurrent.ConcurrentHashMap.computeIfAbsent(ConcurrentHashMap.java:1713)
	at org.springframework.beans.factory.support.AbstractAutowireCapableBeanFactory.getTypeForFactoryMethod(AbstractAutowireCapableBeanFactory.java:756)
	at org.springframework.beans.factory.support.AbstractAutowireCapableBeanFactory.determineTargetType(AbstractAutowireCapableBeanFactory.java:689)
	at org.springframework.beans.factory.support.AbstractAutowireCapableBeanFactory.predictBeanType(AbstractAutowireCapableBeanFactory.java:660)
	at org.springframework.beans.factory.support.AbstractBeanFactory.isFactoryBean(AbstractBeanFactory.java:1715)
	at org.springframework.beans.factory.support.DefaultListableBeanFactory.doGetBeanNamesForType(DefaultListableBeanFactory.java:640)
	at org.springframework.beans.factory.support.DefaultListableBeanFactory.getBeanNamesForType(DefaultListableBeanFactory.java:612)
	at org.springframework.beans.factory.support.DefaultListableBeanFactory.getBeanNamesForType(DefaultListableBeanFactory.java:597)
	at org.springframework.boot.autoconfigure.condition.OnBeanCondition.collectBeanDefinitionsForType(OnBeanCondition.java:322)
	at org.springframework.boot.autoconfigure.condition.OnBeanCondition.getBeanDefinitionsForType(OnBeanCondition.java:314)
	at org.springframework.boot.autoconfigure.condition.OnBeanCondition.getMatchingBeans(OnBeanCondition.java:214)
	at org.springframework.boot.autoconfigure.condition.OnBeanCondition.evaluateConditionalOnMissingBean(OnBeanCondition.java:197)
	at org.springframework.boot.autoconfigure.condition.OnBeanCondition.getMatchOutcome(OnBeanCondition.java:144)
	at org.springframework.boot.autoconfigure.condition.SpringBootCondition.matches(SpringBootCondition.java:47)
	... 17 common frames omitted
Caused by: java.lang.NoClassDefFoundError: org/springframework/boot/actuate/health/StatusAggregator
	at java.base/java.lang.Class.getDeclaredMethods0(Native Method)
	at java.base/java.lang.Class.privateGetDeclaredMethods(Class.java:3650)
	at java.base/java.lang.Class.getDeclaredMethods(Class.java:2735)
	at org.springframework.util.ReflectionUtils.getDeclaredMethods(ReflectionUtils.java:465)
	... 34 common frames omitted
Caused by: java.lang.ClassNotFoundException: org.springframework.boot.actuate.health.StatusAggregator
	at java.base/jdk.internal.loader.BuiltinClassLoader.loadClass(BuiltinClassLoader.java:641)
	at java.base/jdk.internal.loader.ClassLoaders$AppClassLoader.loadClass(ClassLoaders.java:188)
	at java.base/java.lang.ClassLoader.loadClass(ClassLoader.java:528)
	... 38 common frames omitted
